c:\users\asus\onedrive\desktop\carshowroomwithopengl\opengl.sharedmodule\x64\debug\opengl.sharedmodule.pdb
c:\users\asus\onedrive\desktop\carshowroomwithopengl\opengl.sharedmodule\x64\debug\opengl.sharedmodule.idb
c:\users\asus\onedrive\desktop\carshowroomwithopengl\opengl.sharedmodule\x64\debug\temp\stb_image.obj
c:\users\asus\onedrive\desktop\carshowroomwithopengl\opengl.sharedmodule\x64\debug\temp\sharedmodule.obj
c:\users\asus\onedrive\desktop\carshowroomwithopengl\opengl.sharedmodule\x64\debug\temp\openglshape.obj
c:\users\asus\onedrive\desktop\carshowroomwithopengl\opengl.sharedmodule\x64\debug\temp\drawer.obj
c:\users\asus\onedrive\desktop\carshowroomwithopengl\opengl.sharedmodule\x64\debug\temp\imgui_widgets.obj
c:\users\asus\onedrive\desktop\carshowroomwithopengl\opengl.sharedmodule\x64\debug\temp\imgui_tables.obj
c:\users\asus\onedrive\desktop\carshowroomwithopengl\opengl.sharedmodule\x64\debug\temp\imgui_stdlib.obj
c:\users\asus\onedrive\desktop\carshowroomwithopengl\opengl.sharedmodule\x64\debug\temp\imgui_impl_opengl3.obj
c:\users\asus\onedrive\desktop\carshowroomwithopengl\opengl.sharedmodule\x64\debug\temp\imgui_impl_glfw.obj
c:\users\asus\onedrive\desktop\carshowroomwithopengl\opengl.sharedmodule\x64\debug\temp\imgui_draw.obj
c:\users\asus\onedrive\desktop\carshowroomwithopengl\opengl.sharedmodule\x64\debug\temp\imgui_demo.obj
c:\users\asus\onedrive\desktop\carshowroomwithopengl\opengl.sharedmodule\x64\debug\temp\imgui.obj
c:\users\asus\onedrive\desktop\carshowroomwithopengl\opengl.sharedmodule\x64\debug\temp\imguifiledialog.obj
c:\users\asus\onedrive\desktop\carshowroomwithopengl\opengl.sharedmodule\x64\debug\temp\sharedmodule.ixx.ifc
c:\users\asus\onedrive\desktop\carshowroomwithopengl\opengl.sharedmodule\x64\debug\temp\sharedmodule.ixx.ifc.d.json
c:\users\asus\onedrive\desktop\carshowroomwithopengl\opengl.sharedmodule\x64\debug\temp\sharedmodule.ixx.obj
c:\users\asus\onedrive\desktop\carshowroomwithopengl\opengl.sharedmodule\x64\debug\temp\drawer.ixx.ifc
c:\users\asus\onedrive\desktop\carshowroomwithopengl\opengl.sharedmodule\x64\debug\temp\drawer.ixx.ifc.d.json
c:\users\asus\onedrive\desktop\carshowroomwithopengl\opengl.sharedmodule\x64\debug\temp\drawer.ixx.obj
c:\users\asus\onedrive\desktop\carshowroomwithopengl\opengl.sharedmodule\x64\debug\temp\openglshape.ixx.ifc
c:\users\asus\onedrive\desktop\carshowroomwithopengl\opengl.sharedmodule\x64\debug\temp\openglshape.ixx.ifc.d.json
c:\users\asus\onedrive\desktop\carshowroomwithopengl\opengl.sharedmodule\x64\debug\temp\openglshape.ixx.obj
c:\users\asus\onedrive\desktop\carshowroomwithopengl\opengl.sharedmodule\x64\debug\temp\glad.obj
c:\users\asus\onedrive\desktop\carshowroomwithopengl\opengl.sharedmodule\x64\debug\opengl.sharedmodule.lib
c:\users\asus\onedrive\desktop\carshowroomwithopengl\opengl.sharedmodule\x64\debug\temp\sharedmodule.ixx.module.json
c:\users\asus\onedrive\desktop\carshowroomwithopengl\opengl.sharedmodule\x64\debug\temp\drawer.ixx.module.json
c:\users\asus\onedrive\desktop\carshowroomwithopengl\opengl.sharedmodule\x64\debug\temp\openglshape.ixx.module.json
c:\users\asus\onedrive\desktop\carshowroomwithopengl\opengl.sharedmodule\x64\debug\temp\opengl.sharedmodule.vcxproj.filelistabsolute.txt
c:\users\asus\onedrive\desktop\carshowroomwithopengl\opengl.sharedmodule\x64\debug\temp\opengl.s.9e4005e1.tlog\cl.command.1.tlog
c:\users\asus\onedrive\desktop\carshowroomwithopengl\opengl.sharedmodule\x64\debug\temp\opengl.s.9e4005e1.tlog\cl.read.1.tlog
c:\users\asus\onedrive\desktop\carshowroomwithopengl\opengl.sharedmodule\x64\debug\temp\opengl.s.9e4005e1.tlog\cl.write.1.tlog
c:\users\asus\onedrive\desktop\carshowroomwithopengl\opengl.sharedmodule\x64\debug\temp\opengl.s.9e4005e1.tlog\lib-link.read.1.tlog
c:\users\asus\onedrive\desktop\carshowroomwithopengl\opengl.sharedmodule\x64\debug\temp\opengl.s.9e4005e1.tlog\lib-link.write.1.tlog
c:\users\asus\onedrive\desktop\carshowroomwithopengl\opengl.sharedmodule\x64\debug\temp\opengl.s.9e4005e1.tlog\lib.command.1.tlog
c:\users\asus\onedrive\desktop\carshowroomwithopengl\opengl.sharedmodule\x64\debug\temp\opengl.s.9e4005e1_md.tlog\cl.command.1.tlog
c:\users\asus\onedrive\desktop\carshowroomwithopengl\opengl.sharedmodule\x64\debug\temp\opengl.s.9e4005e1_md.tlog\microsoft.build.cpptasks.cl.read.1.tlog
c:\users\asus\onedrive\desktop\carshowroomwithopengl\opengl.sharedmodule\x64\debug\temp\opengl.s.9e4005e1_md.tlog\microsoft.build.cpptasks.cl.write.1.tlog
